

Processing Test1sController#index (for 127.0.0.1 at 2010-01-23 15:07:55) [GET]
  [4;36;1mTest1 Load (0.0ms)[0m   [0;1mSQLite3::SQLException: no such table: test1s: SELECT * FROM "test1s" [0m

ActiveRecord::StatementInvalid (SQLite3::SQLException: no such table: test1s: SELECT * FROM "test1s" ):
  app/controllers/test1s_controller.rb:5:in `index'
  /usr/lib/ruby/1.8/mongrel.rb:159:in `process_client'
  /usr/lib/ruby/1.8/mongrel.rb:158:in `each'
  /usr/lib/ruby/1.8/mongrel.rb:158:in `process_client'
  /usr/lib/ruby/1.8/mongrel.rb:285:in `run'
  /usr/lib/ruby/1.8/mongrel.rb:285:in `initialize'
  /usr/lib/ruby/1.8/mongrel.rb:285:in `new'
  /usr/lib/ruby/1.8/mongrel.rb:285:in `run'
  /usr/lib/ruby/1.8/mongrel.rb:268:in `initialize'
  /usr/lib/ruby/1.8/mongrel.rb:268:in `new'
  /usr/lib/ruby/1.8/mongrel.rb:268:in `run'

Rendered rescues/_trace (178.3ms)
Rendered rescues/_request_and_response (6.1ms)
Rendering rescues/layout (internal_server_error)
  [4;36;1mSQL (1.0ms)[0m   [0;1m SELECT name
 FROM sqlite_master
 WHERE type = 'table' AND NOT name = 'sqlite_sequence'
[0m
  [4;35;1mSQL (0.7ms)[0m   [0mselect sqlite_version(*)[0m
  [4;36;1mSQL (161.0ms)[0m   [0;1mCREATE TABLE "schema_migrations" ("version" varchar(255) NOT NULL) [0m
  [4;35;1mSQL (121.6ms)[0m   [0mCREATE UNIQUE INDEX "unique_schema_migrations" ON "schema_migrations" ("version")[0m
  [4;36;1mSQL (1.5ms)[0m   [0;1m SELECT name
 FROM sqlite_master
 WHERE type = 'table' AND NOT name = 'sqlite_sequence'
[0m
  [4;35;1mSQL (0.8ms)[0m   [0mSELECT version FROM schema_migrations[0m
Migrating to CreateTest1s (20100123120631)
  [4;36;1mSQL (1.6ms)[0m   [0;1mCREATE TABLE "test1s" ("id" INTEGER PRIMARY KEY AUTOINCREMENT NOT NULL, "name" varchar(255), "created_at" datetime, "updated_at" datetime) [0m
  [4;35;1mSQL (0.5ms)[0m   [0mINSERT INTO schema_migrations (version) VALUES ('20100123120631')[0m
  [4;36;1mSQL (0.9ms)[0m   [0;1m SELECT name
 FROM sqlite_master
 WHERE type = 'table' AND NOT name = 'sqlite_sequence'
[0m
  [4;35;1mSQL (0.6ms)[0m   [0mSELECT version FROM schema_migrations[0m
  [4;36;1mSQL (0.8ms)[0m   [0;1m SELECT name
 FROM sqlite_master
 WHERE type = 'table' AND NOT name = 'sqlite_sequence'
[0m
  [4;35;1mSQL (0.3ms)[0m   [0mPRAGMA index_list("test1s")[0m


Processing Test1sController#index (for 127.0.0.1 at 2010-01-23 15:08:15) [GET]
  [4;35;1mTest1 Load (1.5ms)[0m   [0mSELECT * FROM "test1s" [0m
Rendering template within layouts/test1s
Rendering test1s/index
Completed in 205ms (View: 177, DB: 2) | 200 OK [http://0.0.0.0/test1s]


Processing Test1sController#new (for 127.0.0.1 at 2010-01-23 15:08:18) [GET]
Rendering template within layouts/test1s
Rendering test1s/new
Completed in 84ms (View: 53, DB: 0) | 200 OK [http://0.0.0.0/test1s/new]


Processing Test1sController#create (for 127.0.0.1 at 2010-01-23 15:08:21) [POST]
  Parameters: {"test1"=>{"name"=>"1"}, "commit"=>"Create", "authenticity_token"=>"pJY8u+I+8FhpubouIRdi3qtfCzWM4HEw9LNfdTN/Ang="}
  [4;36;1mTest1 Create (1.4ms)[0m   [0;1mINSERT INTO "test1s" ("name", "created_at", "updated_at") VALUES('1', '2010-01-23 12:08:21', '2010-01-23 12:08:21')[0m
Redirected to http://0.0.0.0:3000/test1s/1
Completed in 173ms (DB: 1) | 302 Found [http://0.0.0.0/test1s]


Processing Test1sController#show (for 127.0.0.1 at 2010-01-23 15:08:21) [GET]
  Parameters: {"id"=>"1"}
  [4;35;1mTest1 Load (1.4ms)[0m   [0mSELECT * FROM "test1s" WHERE ("test1s"."id" = 1) [0m
Rendering template within layouts/test1s
Rendering test1s/show
Completed in 192ms (View: 159, DB: 1) | 200 OK [http://0.0.0.0/test1s/1]


Processing Test1sController#show (for 127.0.0.1 at 2010-01-23 15:12:24) [GET]
  Parameters: {"id"=>"1"}
  [4;36;1mTest1 Load (0.9ms)[0m   [0;1mSELECT * FROM "test1s" WHERE ("test1s"."id" = 1) [0m
Rendering template within layouts/test1s
Rendering test1s/show
Completed in 45ms (View: 13, DB: 1) | 200 OK [http://0.0.0.0/test1s/1]


Processing Test1sController#index (for 127.0.0.1 at 2010-01-23 15:12:26) [GET]
  [4;35;1mTest1 Load (2.0ms)[0m   [0mSELECT * FROM "test1s" [0m
Rendering template within layouts/test1s
Rendering test1s/index
Completed in 82ms (View: 55, DB: 2) | 200 OK [http://0.0.0.0/test1s]


Processing Test1sController#index (for 127.0.0.1 at 2010-01-23 15:12:41) [GET]
  [4;36;1mTest1 Load (2.1ms)[0m   [0;1mSELECT * FROM "test1s" [0m
Rendering template within layouts/test1s
Rendering test1s/index
Completed in 93ms (View: 38, DB: 2) | 200 OK [http://0.0.0.0/test1s]


Processing Test1sController#index (for 127.0.0.1 at 2010-01-23 15:14:15) [GET]
  [4;35;1mTest1 Load (2.1ms)[0m   [0mSELECT * FROM "test1s" [0m
Rendering template within layouts/test1s
Rendering test1s/index
Completed in 74ms (View: 47, DB: 2) | 200 OK [http://0.0.0.0/test1s]


Processing Test1sController#index (for 127.0.0.1 at 2010-01-23 15:14:29) [GET]
  [4;36;1mTest1 Load (2.0ms)[0m   [0;1mSELECT * FROM "test1s" [0m
Rendering template within layouts/test1s
Rendering test1s/index
Completed in 90ms (View: 62, DB: 2) | 200 OK [http://0.0.0.0/test1s]


Processing Test1sController#index (for 127.0.0.1 at 2010-01-23 15:14:39) [GET]
  Parameters: {"qa"=>nil}
  [4;35;1mTest1 Load (2.0ms)[0m   [0mSELECT * FROM "test1s" [0m
Rendering template within layouts/test1s
Rendering test1s/index
Completed in 87ms (View: 36, DB: 2) | 200 OK [http://0.0.0.0/test1s?qa]


Processing Test1sController#index (for 127.0.0.1 at 2010-01-23 15:14:41) [GET]
  Parameters: {"qa"=>"s"}
  [4;36;1mTest1 Load (2.4ms)[0m   [0;1mSELECT * FROM "test1s" [0m
Rendering template within layouts/test1s
Rendering test1s/index
Completed in 68ms (View: 39, DB: 2) | 200 OK [http://0.0.0.0/test1s?qa=s]


Processing Test1sController#index (for 127.0.0.1 at 2010-01-23 15:19:15) [GET]
  [4;35;1mTest1 Load (1.4ms)[0m   [0mSELECT * FROM "test1s" [0m
Rendering template within layouts/test1s
Rendering test1s/index

ActionView::TemplateError (undefined local variable or method `current_page' for #<ActionView::Base:0xb663a158>) on line #16 of app/views/layouts/test1s.html.erb:
13: 
14: <%= yield %>
15: 
16: <%= link_to current_page %>
17: 
18: </body>
19: </html>

    app/views/layouts/test1s.html.erb:16
    app/controllers/test1s_controller.rb:7:in `index'
    /usr/lib/ruby/1.8/mongrel.rb:159:in `process_client'
    /usr/lib/ruby/1.8/mongrel.rb:158:in `each'
    /usr/lib/ruby/1.8/mongrel.rb:158:in `process_client'
    /usr/lib/ruby/1.8/mongrel.rb:285:in `run'
    /usr/lib/ruby/1.8/mongrel.rb:285:in `initialize'
    /usr/lib/ruby/1.8/mongrel.rb:285:in `new'
    /usr/lib/ruby/1.8/mongrel.rb:285:in `run'
    /usr/lib/ruby/1.8/mongrel.rb:268:in `initialize'
    /usr/lib/ruby/1.8/mongrel.rb:268:in `new'
    /usr/lib/ruby/1.8/mongrel.rb:268:in `run'

Rendered rescues/_trace (207.9ms)
Rendered rescues/_request_and_response (0.9ms)
Rendering rescues/layout (internal_server_error)


Processing Test1sController#index (for 127.0.0.1 at 2010-01-23 15:19:34) [GET]
  [4;36;1mTest1 Load (1.8ms)[0m   [0;1mSELECT * FROM "test1s" [0m
Rendering template within layouts/test1s
Rendering test1s/index

ActionView::TemplateError (undefined local variable or method `current_page' for #<ActionView::Base:0xb675cfe0>) on line #16 of app/views/layouts/test1s.html.erb:
13: 
14: <%= yield %>
15: 
16: #<%= link_to current_page %>
17: 
18: </body>
19: </html>

    app/views/layouts/test1s.html.erb:16
    app/controllers/test1s_controller.rb:7:in `index'
    /usr/lib/ruby/1.8/mongrel.rb:159:in `process_client'
    /usr/lib/ruby/1.8/mongrel.rb:158:in `each'
    /usr/lib/ruby/1.8/mongrel.rb:158:in `process_client'
    /usr/lib/ruby/1.8/mongrel.rb:285:in `run'
    /usr/lib/ruby/1.8/mongrel.rb:285:in `initialize'
    /usr/lib/ruby/1.8/mongrel.rb:285:in `new'
    /usr/lib/ruby/1.8/mongrel.rb:285:in `run'
    /usr/lib/ruby/1.8/mongrel.rb:268:in `initialize'
    /usr/lib/ruby/1.8/mongrel.rb:268:in `new'
    /usr/lib/ruby/1.8/mongrel.rb:268:in `run'

Rendered rescues/_trace (204.9ms)
Rendered rescues/_request_and_response (1.4ms)
Rendering rescues/layout (internal_server_error)


Processing Test1sController#index (for 127.0.0.1 at 2010-01-23 15:19:47) [GET]
  [4;35;1mTest1 Load (2.1ms)[0m   [0mSELECT * FROM "test1s" [0m
Rendering template within layouts/test1s
Rendering test1s/index

ActionView::TemplateError (undefined local variable or method `current_page' for #<ActionView::Base:0xb65fcc90>) on line #16 of app/views/layouts/test1s.html.erb:
13: 
14: <%= yield %>
15: <!--
16: <%= link_to current_page %>
17: -->
18: </body>
19: </html>

    app/views/layouts/test1s.html.erb:16
    app/controllers/test1s_controller.rb:7:in `index'
    /usr/lib/ruby/1.8/mongrel.rb:159:in `process_client'
    /usr/lib/ruby/1.8/mongrel.rb:158:in `each'
    /usr/lib/ruby/1.8/mongrel.rb:158:in `process_client'
    /usr/lib/ruby/1.8/mongrel.rb:285:in `run'
    /usr/lib/ruby/1.8/mongrel.rb:285:in `initialize'
    /usr/lib/ruby/1.8/mongrel.rb:285:in `new'
    /usr/lib/ruby/1.8/mongrel.rb:285:in `run'
    /usr/lib/ruby/1.8/mongrel.rb:268:in `initialize'
    /usr/lib/ruby/1.8/mongrel.rb:268:in `new'
    /usr/lib/ruby/1.8/mongrel.rb:268:in `run'

Rendered rescues/_trace (233.7ms)
Rendered rescues/_request_and_response (0.9ms)
Rendering rescues/layout (internal_server_error)


Processing Test1sController#index (for 127.0.0.1 at 2010-01-23 15:20:01) [GET]
  [4;36;1mTest1 Load (2.1ms)[0m   [0;1mSELECT * FROM "test1s" [0m
Rendering template within layouts/test1s
Rendering test1s/index
Completed in 139ms (View: 68, DB: 2) | 200 OK [http://127.0.0.1/test1s]


Processing Test1sController#index (for 127.0.0.1 at 2010-01-23 15:20:21) [GET]
  [4;35;1mTest1 Load (2.1ms)[0m   [0mSELECT * FROM "test1s" [0m
Rendering template within layouts/test1s
Rendering test1s/index

ActionView::TemplateError (wrong number of arguments) on line #14 of app/views/test1s/index.html.erb:
11:     <td><%= link_to 'Show', test1 %></td>
12:     <td><%= link_to 'Edit', edit_test1_path(test1) %></td>
13:     <td><%= link_to 'Destroy', test1, :confirm => 'Are you sure?', :method => :delete %></td>
14:     <%=  button_to "Delete Image", { :action => "delete", :id => test.id },
15:                   :confirm => "Are you sure?", :method => :delete %>
16: 
17:   </tr>

    app/views/test1s/index.html.erb:14:in `test'
    app/views/test1s/index.html.erb:14
    app/views/test1s/index.html.erb:8:in `each'
    app/views/test1s/index.html.erb:8
    app/controllers/test1s_controller.rb:7:in `index'
    /usr/lib/ruby/1.8/mongrel.rb:159:in `process_client'
    /usr/lib/ruby/1.8/mongrel.rb:158:in `each'
    /usr/lib/ruby/1.8/mongrel.rb:158:in `process_client'
    /usr/lib/ruby/1.8/mongrel.rb:285:in `run'
    /usr/lib/ruby/1.8/mongrel.rb:285:in `initialize'
    /usr/lib/ruby/1.8/mongrel.rb:285:in `new'
    /usr/lib/ruby/1.8/mongrel.rb:285:in `run'
    /usr/lib/ruby/1.8/mongrel.rb:268:in `initialize'
    /usr/lib/ruby/1.8/mongrel.rb:268:in `new'
    /usr/lib/ruby/1.8/mongrel.rb:268:in `run'

Rendered rescues/_trace (193.1ms)
Rendered rescues/_request_and_response (1.0ms)
Rendering rescues/layout (internal_server_error)


Processing Test1sController#index (for 127.0.0.1 at 2010-01-23 15:23:17) [GET]
  [4;36;1mTest1 Load (1.5ms)[0m   [0;1mSELECT * FROM "test1s" [0m
Rendering template within layouts/test1s
Rendering test1s/index

ActionView::TemplateError (wrong number of arguments) on line #14 of app/views/test1s/index.html.erb:
11:     <td><%= link_to 'Show', test1 %></td>
12:     <td><%= link_to 'Edit', edit_test1_path(test1) %></td>
13:     <td><%= link_to 'Destroy', test1, :confirm => 'Are you sure?', :method => :delete %></td>
14:     <%=  button_to "Delete Image", { :action => "delete", :id => test.id },
15:                   :confirm => "Are you sure?", :method => :delete %>
16: 
17:   </tr>

    app/views/test1s/index.html.erb:14:in `test'
    app/views/test1s/index.html.erb:14
    app/views/test1s/index.html.erb:8:in `each'
    app/views/test1s/index.html.erb:8
    app/controllers/test1s_controller.rb:7:in `index'
    /usr/lib/ruby/1.8/mongrel.rb:159:in `process_client'
    /usr/lib/ruby/1.8/mongrel.rb:158:in `each'
    /usr/lib/ruby/1.8/mongrel.rb:158:in `process_client'
    /usr/lib/ruby/1.8/mongrel.rb:285:in `run'
    /usr/lib/ruby/1.8/mongrel.rb:285:in `initialize'
    /usr/lib/ruby/1.8/mongrel.rb:285:in `new'
    /usr/lib/ruby/1.8/mongrel.rb:285:in `run'
    /usr/lib/ruby/1.8/mongrel.rb:268:in `initialize'
    /usr/lib/ruby/1.8/mongrel.rb:268:in `new'
    /usr/lib/ruby/1.8/mongrel.rb:268:in `run'

Rendered rescues/_trace (204.6ms)
Rendered rescues/_request_and_response (1.4ms)
Rendering rescues/layout (internal_server_error)


Processing Test1sController#index (for 127.0.0.1 at 2010-01-23 15:23:31) [GET]
  [4;35;1mTest1 Load (2.1ms)[0m   [0mSELECT * FROM "test1s" [0m
Rendering template within layouts/test1s
Rendering test1s/index
Completed in 70ms (View: 47, DB: 2) | 200 OK [http://127.0.0.1/test1s]


Processing Test1sController#show (for 127.0.0.1 at 2010-01-23 15:23:35) [GET]
  Parameters: {"id"=>"1"}
  [4;36;1mTest1 Load (1.1ms)[0m   [0;1mSELECT * FROM "test1s" WHERE ("test1s"."id" = 1) [0m
Rendering template within layouts/test1s
Rendering test1s/show

ActionView::TemplateError (wrong number of arguments) on line #6 of app/views/test1s/show.html.erb:
3:   <%=h @test1.name %>
4: </p>
5: 
6:     <%=  button_to "Delete Image", { :action => "delete", :id => test.id },
7:                       :confirm => "Are you sure?", :method => :delete %>
8: 
9: 

    app/views/test1s/show.html.erb:6:in `test'
    app/views/test1s/show.html.erb:6
    app/controllers/test1s_controller.rb:18:in `show'
    /usr/lib/ruby/1.8/mongrel.rb:159:in `process_client'
    /usr/lib/ruby/1.8/mongrel.rb:158:in `each'
    /usr/lib/ruby/1.8/mongrel.rb:158:in `process_client'
    /usr/lib/ruby/1.8/mongrel.rb:285:in `run'
    /usr/lib/ruby/1.8/mongrel.rb:285:in `initialize'
    /usr/lib/ruby/1.8/mongrel.rb:285:in `new'
    /usr/lib/ruby/1.8/mongrel.rb:285:in `run'
    /usr/lib/ruby/1.8/mongrel.rb:268:in `initialize'
    /usr/lib/ruby/1.8/mongrel.rb:268:in `new'
    /usr/lib/ruby/1.8/mongrel.rb:268:in `run'

Rendered rescues/_trace (405.0ms)
Rendered rescues/_request_and_response (1.5ms)
Rendering rescues/layout (internal_server_error)


Processing Test1sController#show (for 127.0.0.1 at 2010-01-23 15:23:52) [GET]
  Parameters: {"id"=>"1"}
  [4;35;1mTest1 Load (1.4ms)[0m   [0mSELECT * FROM "test1s" WHERE ("test1s"."id" = 1) [0m
Rendering template within layouts/test1s
Rendering test1s/show

ActionView::TemplateError (Called id for nil, which would mistakenly be 4 -- if you really wanted the id of nil, use object_id) on line #6 of app/views/test1s/show.html.erb:
3:   <%=h @test1.name %>
4: </p>
5: 
6:     <%=  button_to "Delete Image", { :action => "delete", :id => @test.id },
7:                       :confirm => "Are you sure?", :method => :delete %>
8: 
9: 

    app/views/test1s/show.html.erb:6
    app/controllers/test1s_controller.rb:18:in `show'
    /usr/lib/ruby/1.8/mongrel.rb:159:in `process_client'
    /usr/lib/ruby/1.8/mongrel.rb:158:in `each'
    /usr/lib/ruby/1.8/mongrel.rb:158:in `process_client'
    /usr/lib/ruby/1.8/mongrel.rb:285:in `run'
    /usr/lib/ruby/1.8/mongrel.rb:285:in `initialize'
    /usr/lib/ruby/1.8/mongrel.rb:285:in `new'
    /usr/lib/ruby/1.8/mongrel.rb:285:in `run'
    /usr/lib/ruby/1.8/mongrel.rb:268:in `initialize'
    /usr/lib/ruby/1.8/mongrel.rb:268:in `new'
    /usr/lib/ruby/1.8/mongrel.rb:268:in `run'

Rendered rescues/_trace (193.4ms)
Rendered rescues/_request_and_response (1.2ms)
Rendering rescues/layout (internal_server_error)


Processing Test1sController#show (for 127.0.0.1 at 2010-01-23 15:24:01) [GET]
  Parameters: {"id"=>"1"}
  [4;36;1mTest1 Load (0.8ms)[0m   [0;1mSELECT * FROM "test1s" WHERE ("test1s"."id" = 1) [0m
Rendering template within layouts/test1s
Rendering test1s/show
Completed in 54ms (View: 29, DB: 1) | 200 OK [http://127.0.0.1/test1s/1]


Processing Test1sController#delete (for 127.0.0.1 at 2010-01-23 15:24:06) [DELETE]
  Parameters: {"authenticity_token"=>"9Bx+affTYNlr1UDbbOZ0jKfwuo+H5gJKCuG1ZzHUKtk=", "id"=>"1"}

ActionController::UnknownAction (No action responded to delete. Actions: create, destroy, edit, index, new, show, and update):
  /usr/lib/ruby/1.8/mongrel.rb:159:in `process_client'
  /usr/lib/ruby/1.8/mongrel.rb:158:in `each'
  /usr/lib/ruby/1.8/mongrel.rb:158:in `process_client'
  /usr/lib/ruby/1.8/mongrel.rb:285:in `run'
  /usr/lib/ruby/1.8/mongrel.rb:285:in `initialize'
  /usr/lib/ruby/1.8/mongrel.rb:285:in `new'
  /usr/lib/ruby/1.8/mongrel.rb:285:in `run'
  /usr/lib/ruby/1.8/mongrel.rb:268:in `initialize'
  /usr/lib/ruby/1.8/mongrel.rb:268:in `new'
  /usr/lib/ruby/1.8/mongrel.rb:268:in `run'

Rendering rescues/layout (not_found)


Processing Test1sController#index (for 127.0.0.1 at 2010-01-23 15:24:09) [GET]
  [4;35;1mTest1 Load (1.4ms)[0m   [0mSELECT * FROM "test1s" [0m
Rendering template within layouts/test1s
Rendering test1s/index
Completed in 53ms (View: 28, DB: 1) | 200 OK [http://127.0.0.1/test1s/]


Processing Test1sController#show (for 127.0.0.1 at 2010-01-23 15:24:13) [GET]
  Parameters: {"id"=>"1"}
  [4;36;1mTest1 Load (1.0ms)[0m   [0;1mSELECT * FROM "test1s" WHERE ("test1s"."id" = 1) [0m
Rendering template within layouts/test1s
Rendering test1s/show
Completed in 52ms (View: 19, DB: 1) | 200 OK [http://127.0.0.1/test1s/1]


Processing Test1sController#index (for 127.0.0.1 at 2010-01-23 15:24:24) [GET]
  [4;35;1mTest1 Load (2.1ms)[0m   [0mSELECT * FROM "test1s" [0m
Rendering template within layouts/test1s
Rendering test1s/index
Completed in 60ms (View: 36, DB: 2) | 200 OK [http://127.0.0.1/test1s]


Processing Test1sController#show (for 127.0.0.1 at 2010-01-23 15:24:28) [GET]
  Parameters: {"id"=>"1"}
  [4;36;1mTest1 Load (1.1ms)[0m   [0;1mSELECT * FROM "test1s" WHERE ("test1s"."id" = 1) [0m
Rendering template within layouts/test1s
Rendering test1s/show
Completed in 68ms (View: 39, DB: 1) | 200 OK [http://127.0.0.1/test1s/1]


Processing Test1sController#destroy (for 127.0.0.1 at 2010-01-23 15:24:31) [DELETE]
  Parameters: {"authenticity_token"=>"9Bx+affTYNlr1UDbbOZ0jKfwuo+H5gJKCuG1ZzHUKtk=", "id"=>"1"}
  [4;35;1mTest1 Load (1.1ms)[0m   [0mSELECT * FROM "test1s" WHERE ("test1s"."id" = 1) [0m
  [4;36;1mTest1 Destroy (0.8ms)[0m   [0;1mDELETE FROM "test1s" WHERE "id" = 1[0m
Redirected to http://127.0.0.1:3000/test1s
Completed in 111ms (DB: 2) | 302 Found [http://127.0.0.1/test1s/1]


Processing Test1sController#index (for 127.0.0.1 at 2010-01-23 15:24:31) [GET]
  [4;35;1mTest1 Load (0.9ms)[0m   [0mSELECT * FROM "test1s" [0m
Rendering template within layouts/test1s
Rendering test1s/index
Completed in 31ms (View: 7, DB: 1) | 200 OK [http://127.0.0.1/test1s]


Processing Test1sController#new (for 127.0.0.1 at 2010-01-23 15:24:32) [GET]
Rendering template within layouts/test1s
Rendering test1s/new
Completed in 53ms (View: 25, DB: 0) | 200 OK [http://127.0.0.1/test1s/new]


Processing Test1sController#create (for 127.0.0.1 at 2010-01-23 15:24:35) [POST]
  Parameters: {"test1"=>{"name"=>"ddd"}, "commit"=>"Create", "authenticity_token"=>"9Bx+affTYNlr1UDbbOZ0jKfwuo+H5gJKCuG1ZzHUKtk="}
  [4;36;1mTest1 Create (1.1ms)[0m   [0;1mINSERT INTO "test1s" ("name", "created_at", "updated_at") VALUES('ddd', '2010-01-23 12:24:35', '2010-01-23 12:24:35')[0m
Redirected to http://127.0.0.1:3000/test1s/2
Completed in 133ms (DB: 1) | 302 Found [http://127.0.0.1/test1s]


Processing Test1sController#show (for 127.0.0.1 at 2010-01-23 15:24:35) [GET]
  Parameters: {"id"=>"2"}
  [4;35;1mTest1 Load (1.3ms)[0m   [0mSELECT * FROM "test1s" WHERE ("test1s"."id" = 2) [0m
Rendering template within layouts/test1s
Rendering test1s/show
Completed in 50ms (View: 20, DB: 1) | 200 OK [http://127.0.0.1/test1s/2]


Processing Test1sController#index (for 127.0.0.1 at 2010-01-23 15:24:37) [GET]
  [4;36;1mTest1 Load (1.4ms)[0m   [0;1mSELECT * FROM "test1s" [0m
Rendering template within layouts/test1s
Rendering test1s/index
Completed in 70ms (View: 39, DB: 1) | 200 OK [http://127.0.0.1/test1s]


Processing Test1sController#show (for 127.0.0.1 at 2010-01-23 15:24:39) [GET]
  Parameters: {"id"=>"2"}
  [4;35;1mTest1 Load (1.1ms)[0m   [0mSELECT * FROM "test1s" WHERE ("test1s"."id" = 2) [0m
Rendering template within layouts/test1s
Rendering test1s/show
Completed in 46ms (View: 19, DB: 1) | 200 OK [http://127.0.0.1/test1s/2]


Processing Test1sController#destroy (for 127.0.0.1 at 2010-01-23 15:24:42) [DELETE]
  Parameters: {"authenticity_token"=>"9Bx+affTYNlr1UDbbOZ0jKfwuo+H5gJKCuG1ZzHUKtk=", "id"=>"2"}
  [4;36;1mTest1 Load (2.8ms)[0m   [0;1mSELECT * FROM "test1s" WHERE ("test1s"."id" = 2) [0m
  [4;35;1mTest1 Destroy (0.8ms)[0m   [0mDELETE FROM "test1s" WHERE "id" = 2[0m
Redirected to http://127.0.0.1:3000/test1s
Completed in 133ms (DB: 4) | 302 Found [http://127.0.0.1/test1s/2]


Processing Test1sController#index (for 127.0.0.1 at 2010-01-23 15:24:42) [GET]
  [4;36;1mTest1 Load (1.3ms)[0m   [0;1mSELECT * FROM "test1s" [0m
Rendering template within layouts/test1s
Rendering test1s/index
Completed in 27ms (View: 7, DB: 1) | 200 OK [http://127.0.0.1/test1s]


Processing Test1sController#show (for 127.0.0.1 at 2010-01-23 16:01:55) [GET]
  Parameters: {"id"=>"1"}
  [4;35;1mTest1 Load (0.6ms)[0m   [0mSELECT * FROM "test1s" WHERE ("test1s"."id" = 1) [0m

ActiveRecord::RecordNotFound (Couldn't find Test1 with ID=1):
  app/controllers/test1s_controller.rb:16:in `show'
  /usr/lib/ruby/1.8/mongrel.rb:159:in `process_client'
  /usr/lib/ruby/1.8/mongrel.rb:158:in `each'
  /usr/lib/ruby/1.8/mongrel.rb:158:in `process_client'
  /usr/lib/ruby/1.8/mongrel.rb:285:in `run'
  /usr/lib/ruby/1.8/mongrel.rb:285:in `initialize'
  /usr/lib/ruby/1.8/mongrel.rb:285:in `new'
  /usr/lib/ruby/1.8/mongrel.rb:285:in `run'
  /usr/lib/ruby/1.8/mongrel.rb:268:in `initialize'
  /usr/lib/ruby/1.8/mongrel.rb:268:in `new'
  /usr/lib/ruby/1.8/mongrel.rb:268:in `run'

Rendered rescues/_trace (159.1ms)
Rendered rescues/_request_and_response (1.5ms)
Rendering rescues/layout (not_found)


Processing Test1sController#index (for 127.0.0.1 at 2010-01-23 16:02:00) [GET]
  Parameters: {"qa"=>"s"}
  [4;36;1mTest1 Load (1.1ms)[0m   [0;1mSELECT * FROM "test1s" [0m
Rendering template within layouts/test1s
Rendering test1s/index
Completed in 33ms (View: 6, DB: 1) | 200 OK [http://0.0.0.0/test1s?qa=s]


Processing Test1sController#new (for 127.0.0.1 at 2010-01-23 16:02:02) [GET]
Rendering template within layouts/test1s
Rendering test1s/new
Completed in 60ms (View: 20, DB: 0) | 200 OK [http://0.0.0.0/test1s/new]


Processing Test1sController#create (for 127.0.0.1 at 2010-01-23 16:02:04) [POST]
  Parameters: {"test1"=>{"name"=>"sss"}, "commit"=>"Create", "authenticity_token"=>"pJY8u+I+8FhpubouIRdi3qtfCzWM4HEw9LNfdTN/Ang="}
  [4;35;1mTest1 Create (2.8ms)[0m   [0mINSERT INTO "test1s" ("name", "created_at", "updated_at") VALUES('sss', '2010-01-23 13:02:04', '2010-01-23 13:02:04')[0m
Redirected to http://0.0.0.0:3000/test1s/3
Completed in 169ms (DB: 3) | 302 Found [http://0.0.0.0/test1s]


Processing Test1sController#show (for 127.0.0.1 at 2010-01-23 16:02:05) [GET]
  Parameters: {"id"=>"3"}
  [4;36;1mTest1 Load (1.1ms)[0m   [0;1mSELECT * FROM "test1s" WHERE ("test1s"."id" = 3) [0m
Rendering template within layouts/test1s
Rendering test1s/show
Completed in 45ms (View: 16, DB: 1) | 200 OK [http://0.0.0.0/test1s/3]


Processing Test1sController#index (for 127.0.0.1 at 2010-01-23 16:02:06) [GET]
  [4;35;1mTest1 Load (2.1ms)[0m   [0mSELECT * FROM "test1s" [0m
Rendering template within layouts/test1s
Rendering test1s/index
Completed in 61ms (View: 33, DB: 2) | 200 OK [http://0.0.0.0/test1s]


Processing Test1sController#show (for 127.0.0.1 at 2010-01-23 16:02:08) [GET]
  Parameters: {"id"=>"3"}
  [4;36;1mTest1 Load (1.4ms)[0m   [0;1mSELECT * FROM "test1s" WHERE ("test1s"."id" = 3) [0m
Rendering template within layouts/test1s
Rendering test1s/show
Completed in 48ms (View: 18, DB: 1) | 200 OK [http://0.0.0.0/test1s/3]


Processing Test1sController#show (for 127.0.0.1 at 2010-01-23 16:02:08) [GET]
  Parameters: {"id"=>"3"}
  [4;35;1mTest1 Load (1.3ms)[0m   [0mSELECT * FROM "test1s" WHERE ("test1s"."id" = 3) [0m
Rendering template within layouts/test1s
Rendering test1s/show
Completed in 65ms (View: 26, DB: 1) | 200 OK [http://0.0.0.0/test1s/3]


Processing Test1sController#index (for 127.0.0.1 at 2010-01-23 16:02:45) [GET]
  [4;36;1mTest1 Load (1.7ms)[0m   [0;1mSELECT * FROM "test1s" [0m
Rendering template within layouts/test1s
Rendering test1s/index
Completed in 73ms (View: 43, DB: 2) | 200 OK [http://127.0.0.1/test1s]


Processing Test1sController#show (for 127.0.0.1 at 2010-01-23 16:02:52) [GET]
  Parameters: {"id"=>"3"}
  [4;35;1mTest1 Load (1.3ms)[0m   [0mSELECT * FROM "test1s" WHERE ("test1s"."id" = 3) [0m
Rendering template within layouts/test1s
Rendering test1s/show
Completed in 45ms (View: 17, DB: 1) | 200 OK [http://127.0.0.1/test1s/3]


Processing Test1sController#show (for 127.0.0.1 at 2010-01-23 16:03:03) [GET]
  Parameters: {"id"=>"3"}
  [4;36;1mTest1 Load (1.4ms)[0m   [0;1mSELECT * FROM "test1s" WHERE ("test1s"."id" = 3) [0m
Rendering template within layouts/test1s
Rendering test1s/show
Completed in 95ms (View: 20, DB: 1) | 200 OK [http://127.0.0.1/test1s/3]


Processing Test1sController#index (for 127.0.0.1 at 2010-01-23 16:03:14) [GET]
  [4;35;1mTest1 Load (2.1ms)[0m   [0mSELECT * FROM "test1s" [0m
Rendering template within layouts/test1s
Rendering test1s/index
Completed in 65ms (View: 35, DB: 2) | 200 OK [http://127.0.0.1/test1s]


Processing Test1sController#show (for 127.0.0.1 at 2010-01-23 16:11:54) [GET]
  Parameters: {"id"=>"3"}
  [4;36;1mTest1 Load (1.3ms)[0m   [0;1mSELECT * FROM "test1s" WHERE ("test1s"."id" = 3) [0m
Rendering template within layouts/test1s
Rendering test1s/show
Completed in 57ms (View: 22, DB: 1) | 200 OK [http://0.0.0.0/test1s/3]


Processing Test1sController#index (for 127.0.0.1 at 2010-01-23 16:12:00) [GET]
  [4;35;1mTest1 Load (1.7ms)[0m   [0mSELECT * FROM "test1s" [0m
Rendering template within layouts/test1s
Rendering test1s/index
Completed in 56ms (View: 34, DB: 2) | 200 OK [http://0.0.0.0/test1s]
  [4;36;1mSQL (17.5ms)[0m   [0;1mSET NAMES 'utf8'[0m
  [4;35;1mSQL (0.4ms)[0m   [0mSET SQL_AUTO_IS_NULL=0[0m
  [4;36;1mSQL (285.8ms)[0m   [0;1mSHOW TABLES[0m
  [4;35;1mSQL (776.5ms)[0m   [0mCREATE TABLE `schema_migrations` (`version` varchar(255) NOT NULL) ENGINE=InnoDB[0m
  [4;36;1mSQL (733.5ms)[0m   [0;1mCREATE UNIQUE INDEX `unique_schema_migrations` ON `schema_migrations` (`version`)[0m
  [4;35;1mSQL (1.8ms)[0m   [0mSHOW TABLES[0m
  [4;36;1mSQL (44.1ms)[0m   [0;1mSELECT version FROM schema_migrations[0m
Migrating to CreateTest1s (20100123120631)
  [4;35;1mSQL (185.5ms)[0m   [0mCREATE TABLE `test1s` (`id` int(11) DEFAULT NULL auto_increment PRIMARY KEY, `name` varchar(255), `created_at` datetime, `updated_at` datetime) ENGINE=InnoDB[0m
  [4;36;1mSQL (165.0ms)[0m   [0;1mINSERT INTO schema_migrations (version) VALUES ('20100123120631')[0m
  [4;35;1mSQL (0.7ms)[0m   [0mSHOW TABLES[0m
  [4;36;1mSQL (0.6ms)[0m   [0;1mSELECT version FROM schema_migrations[0m
  [4;35;1mSQL (1.0ms)[0m   [0mSHOW TABLES[0m
  [4;36;1mSQL (107.1ms)[0m   [0;1mSHOW FIELDS FROM `test1s`[0m
  [4;35;1mSQL (3.6ms)[0m   [0mdescribe `test1s`[0m
  [4;36;1mSQL (2.3ms)[0m   [0;1mSHOW KEYS FROM `test1s`[0m
